Determining if the pthread_create exist failed with the following output:
Change Dir: /home/nvidia/workspace/myrobot/build/CMakeFiles/CMakeTmp

Run Build Command:"/usr/bin/make" "cmTC_0f6ec/fast"
/usr/bin/make -f CMakeFiles/cmTC_0f6ec.dir/build.make CMakeFiles/cmTC_0f6ec.dir/build
make[1]: Entering directory '/home/nvidia/workspace/myrobot/build/CMakeFiles/CMakeTmp'
Building C object CMakeFiles/cmTC_0f6ec.dir/CheckSymbolExists.c.o
/usr/bin/cc     -o CMakeFiles/cmTC_0f6ec.dir/CheckSymbolExists.c.o   -c /home/nvidia/workspace/myrobot/build/CMakeFiles/CMakeTmp/CheckSymbolExists.c
Linking C executable cmTC_0f6ec
/usr/bin/cmake -E cmake_link_script CMakeFiles/cmTC_0f6ec.dir/link.txt --verbose=1
/usr/bin/cc       CMakeFiles/cmTC_0f6ec.dir/CheckSymbolExists.c.o  -o cmTC_0f6ec -rdynamic 
CMakeFiles/cmTC_0f6ec.dir/CheckSymbolExists.c.o: In function `main':
CheckSymbolExists.c:(.text+0x14): undefined reference to `pthread_create'
CheckSymbolExists.c:(.text+0x18): undefined reference to `pthread_create'
collect2: error: ld returned 1 exit status
CMakeFiles/cmTC_0f6ec.dir/build.make:97: recipe for target 'cmTC_0f6ec' failed
make[1]: *** [cmTC_0f6ec] Error 1
make[1]: Leaving directory '/home/nvidia/workspace/myrobot/build/CMakeFiles/CMakeTmp'
Makefile:126: recipe for target 'cmTC_0f6ec/fast' failed
make: *** [cmTC_0f6ec/fast] Error 2

File /home/nvidia/workspace/myrobot/build/CMakeFiles/CMakeTmp/CheckSymbolExists.c:
/* */
#include <pthread.h>

int main(int argc, char** argv)
{
  (void)argv;
#ifndef pthread_create
  return ((int*)(&pthread_create))[argc];
#else
  (void)argc;
  return 0;
#endif
}

Determining if the function pthread_create exists in the pthreads failed with the following output:
Change Dir: /home/nvidia/workspace/myrobot/build/CMakeFiles/CMakeTmp

Run Build Command:"/usr/bin/make" "cmTC_f82ea/fast"
/usr/bin/make -f CMakeFiles/cmTC_f82ea.dir/build.make CMakeFiles/cmTC_f82ea.dir/build
make[1]: Entering directory '/home/nvidia/workspace/myrobot/build/CMakeFiles/CMakeTmp'
Building C object CMakeFiles/cmTC_f82ea.dir/CheckFunctionExists.c.o
/usr/bin/cc    -DCHECK_FUNCTION_EXISTS=pthread_create   -o CMakeFiles/cmTC_f82ea.dir/CheckFunctionExists.c.o   -c /usr/share/cmake-3.5/Modules/CheckFunctionExists.c
Linking C executable cmTC_f82ea
/usr/bin/cmake -E cmake_link_script CMakeFiles/cmTC_f82ea.dir/link.txt --verbose=1
/usr/bin/cc   -DCHECK_FUNCTION_EXISTS=pthread_create    CMakeFiles/cmTC_f82ea.dir/CheckFunctionExists.c.o  -o cmTC_f82ea -rdynamic -lpthreads 
/usr/bin/ld: cannot find -lpthreads
collect2: error: ld returned 1 exit status
CMakeFiles/cmTC_f82ea.dir/build.make:97: recipe for target 'cmTC_f82ea' failed
make[1]: *** [cmTC_f82ea] Error 1
make[1]: Leaving directory '/home/nvidia/workspace/myrobot/build/CMakeFiles/CMakeTmp'
Makefile:126: recipe for target 'cmTC_f82ea/fast' failed
make: *** [cmTC_f82ea/fast] Error 2


